<?xml version="1.0" encoding="UTF-8"?>
<!-- Generated by org.testng.reporters.JUnitXMLReporter -->
<testsuite ignored="0" hostname="DESKTOP-E0HGB7H" failures="0" tests="4" name="Default test" time="0.839" errors="0" timestamp="2022-05-06T18:40:21 IST">
  <testcase classname="Parallel.ParaOne" name="VerifyURLOfLoginPage" time="0.327"/>
  <testcase classname="Parallel.ParaOne" name="VeifyTitlraofLoginPage" time="0.013"/>
  <testcase classname="Parallel.ParaOne" name="afrte" time="0.002"/>
  <testcase classname="Parallel.ParaOne" name="afrter" time="0.002"/>
</testsuite> <!-- Default test -->
