<?xml version="1.0" encoding="UTF-8"?>
<!-- Generated by org.testng.reporters.JUnitXMLReporter -->
<testsuite ignored="0" hostname="DESKTOP-E0HGB7H" failures="0" tests="6" name="Test" time="0.294" errors="0" timestamp="2022-05-07T01:15:43 IST">
  <testcase classname="Parallel.ParaTwo" name="anothoerclassmTCno2" time="0.013"/>
  <testcase classname="Parallel.ParaOne" name="afrter" time="0.005"/>
  <testcase classname="Parallel.ParaOne" name="afrte" time="0.039"/>
  <testcase classname="Parallel.ParaTwo" name="anothoerclassmTCno1" time="0.059"/>
  <testcase classname="Parallel.ParaOne" name="VeifyTitlraofLoginPage" time="0.097"/>
  <testcase classname="Parallel.ParaOne" name="VerifyURLOfLoginPage" time="0.104"/>
</testsuite> <!-- Test -->
